Flutter crash report; please file at https://github.com/flutter/flutter/issues.

## command

flutter --no-color packages get

## exception

YamlException: Error on line 29, column 3: Expected a key while parsing a block mapping.
  built_collection: "^3.1.1"
  ^

```
#0      Parser._parseBlockMappingKey (package:yaml/src/parser.dart:448:5)
#1      Parser._stateMachine (package:yaml/src/parser.dart:86:16)
#2      Parser.parse (package:yaml/src/parser.dart:47:19)
#3      Loader._loadMapping (package:yaml/src/loader.dart:171:23)
#4      Loader._loadNode (package:yaml/src/loader.dart:86:16)
#5      Loader._loadDocument (package:yaml/src/loader.dart:62:20)
#6      Loader.load (package:yaml/src/loader.dart:54:20)
#7      loadYamlDocument (package:yaml/yaml.dart:51:25)
#8      loadYamlNode (package:yaml/yaml.dart:42:5)
#9      loadYaml (package:yaml/yaml.dart:34:5)
#10     FlutterManifest.createFromString (package:flutter_tools/src/flutter_manifest.dart:42:28)
<asynchronous suspension>
#11     FlutterManifest.createFromPath (package:flutter_tools/src/flutter_manifest.dart:36:12)
<asynchronous suspension>
#12     FlutterProject._readManifest (package:flutter_tools/src/project.dart:128:60)
<asynchronous suspension>
#13     FlutterProject.fromDirectory (package:flutter_tools/src/project.dart:42:44)
<asynchronous suspension>
#14     FlutterProject.fromPath (package:flutter_tools/src/project.dart:57:58)
#15     PackagesGetCommand.runCommand (package:flutter_tools/src/commands/packages.dart:83:61)
<asynchronous suspension>
#16     FlutterCommand.verifyThenRunCommand (package:flutter_tools/src/runner/flutter_command.dart:372:18)
#17     _asyncThenWrapperHelper.<anonymous closure> (dart:async/runtime/libasync_patch.dart:77:64)
#18     _rootRunUnary (dart:async/zone.dart:1132:38)
#19     _CustomZone.runUnary (dart:async/zone.dart:1029:19)
#20     _FutureListener.handleValue (dart:async/future_impl.dart:129:18)
#21     Future._propagateToListeners.handleValueCallback (dart:async/future_impl.dart:642:45)
#22     Future._propagateToListeners (dart:async/future_impl.dart:671:32)
#23     Future._complete (dart:async/future_impl.dart:476:7)
#24     _SyncCompleter.complete (dart:async/future_impl.dart:51:12)
#25     _AsyncAwaitCompleter.complete.<anonymous closure> (dart:async/runtime/libasync_patch.dart:33:20)
#26     _rootRun (dart:async/zone.dart:1124:13)
#27     _CustomZone.run (dart:async/zone.dart:1021:19)
#28     _CustomZone.bindCallback.<anonymous closure> (dart:async/zone.dart:947:23)
#29     _microtaskLoop (dart:async/schedule_microtask.dart:41:21)
#30     _startMicrotaskLoop (dart:async/schedule_microtask.dart:50:5)
#31     _runPendingImmediateCallback (dart:isolate/runtime/libisolate_patch.dart:115:13)
#32     _RawReceivePortImpl._handleMessage (dart:isolate/runtime/libisolate_patch.dart:172:5)
```

## flutter doctor

```
[✓] Flutter (Channel beta, v0.8.2, on Microsoft Windows [Version 10.0.17134.345], locale en-US)
    • Flutter version 0.8.2 at C:\flutter_windows_v0.3.2-beta\flutter
    • Framework revision 5ab9e70727 (5 weeks ago), 2018-09-07 12:33:05 -0700
    • Engine revision 58a1894a1c
    • Dart version 2.1.0-dev.3.1.flutter-760a9690c2

[!] Android toolchain - develop for Android devices (Android SDK 28.0.3)
    • Android SDK at C:/Users/guru/AppData/Local/Android/Sdk
    • Android NDK location not configured (optional; useful for native profiling support)
    • Platform android-28, build-tools 28.0.3
    • ANDROID_HOME = C:/Users/guru/AppData/Local/Android/Sdk
    • Java binary at: C:\android-studio-ide-181.4773949-windows\android-studio\jre\bin\java
    • Java version OpenJDK Runtime Environment (build 1.8.0_152-release-1136-b05)
    ! Some Android licenses not accepted.  To resolve this, run: flutter doctor --android-licenses

[✓] Android Studio (version 3.2)
    • Android Studio at C:\Program Files\Android\Android Studio
    • Flutter plugin version 29.1.1
    • Dart plugin version 181.5656
    • Java version OpenJDK Runtime Environment (build 1.8.0_152-release-1136-b06)

[✓] Android Studio (version 3.2)
    • Android Studio at C:\android-studio-ide-181.4773949-windows\android-studio
    • Flutter plugin version 29.1.1
    • Dart plugin version 181.5656
    • Java version OpenJDK Runtime Environment (build 1.8.0_152-release-1136-b05)

[!] VS Code (version 1.27.2)
    • VS Code at C:\Users\guru\AppData\Local\Programs\Microsoft VS Code
    • Flutter extension not installed; install from
      https://marketplace.visualstudio.com/items?itemName=Dart-Code.flutter

[!] VS Code, 64-bit edition (version 1.26.1)
    • VS Code at C:\Program Files\Microsoft VS Code
    • Flutter extension not installed; install from
      https://marketplace.visualstudio.com/items?itemName=Dart-Code.flutter

[!] Connected devices
    ! No devices available

! Doctor found issues in 4 categories.
```
